<?xml version="1.0" encoding="UTF-8"?>
<testng-results skipped="0" failed="0" ignored="0" total="1" passed="1">
  <reporter-output>
  </reporter-output>
  <suite name="Default suite" duration-ms="31100" started-at="2020-05-09T17:17:57 IST" finished-at="2020-05-09T17:18:28 IST">
    <groups>
    </groups>
    <test name="Default test" duration-ms="31100" started-at="2020-05-09T17:17:57 IST" finished-at="2020-05-09T17:18:28 IST">
      <class name="com.amazon.Testamazono">
        <test-method status="PASS" signature="Testamazono()[pri:0, instance:com.amazon.Testamazono@3a883ce7]" name="Testamazono" duration-ms="31042" started-at="2020-05-09T17:17:57 IST" finished-at="2020-05-09T17:18:28 IST">
          <reporter-output>
          </reporter-output>
        </test-method> <!-- Testamazono -->
      </class> <!-- com.amazon.Testamazono -->
    </test> <!-- Default test -->
  </suite> <!-- Default suite -->
</testng-results>
