<?xml version="1.0" encoding="UTF-8"?>
<testng-results skipped="0" failed="0" ignored="0" total="1" passed="1">
  <reporter-output>
  </reporter-output>
  <suite name="Default suite" duration-ms="28988" started-at="2020-06-26T13:26:24 IST" finished-at="2020-06-26T13:26:53 IST">
    <groups>
    </groups>
    <test name="Default test" duration-ms="28988" started-at="2020-06-26T13:26:24 IST" finished-at="2020-06-26T13:26:53 IST">
      <class name="com.amazon.Testguru99login">
        <test-method status="PASS" signature="Testguru99login()[pri:0, instance:com.amazon.Testguru99login@3a883ce7]" name="Testguru99login" duration-ms="28913" started-at="2020-06-26T13:26:24 IST" finished-at="2020-06-26T13:26:53 IST">
          <reporter-output>
          </reporter-output>
        </test-method> <!-- Testguru99login -->
      </class> <!-- com.amazon.Testguru99login -->
    </test> <!-- Default test -->
  </suite> <!-- Default suite -->
</testng-results>
