<?xml version="1.0" encoding="UTF-8"?>
<testng-results skipped="0" failed="0" ignored="0" total="1" passed="1">
  <reporter-output>
  </reporter-output>
  <suite name="Default suite" duration-ms="52692" started-at="2020-05-11T18:25:34 IST" finished-at="2020-05-11T18:26:27 IST">
    <groups>
    </groups>
    <test name="Default test" duration-ms="52692" started-at="2020-05-11T18:25:34 IST" finished-at="2020-05-11T18:26:27 IST">
      <class name="com.egazette.TestEgazette">
        <test-method status="PASS" signature="TestEgazette()[pri:0, instance:com.egazette.TestEgazette@3a883ce7]" name="TestEgazette" duration-ms="52610" started-at="2020-05-11T18:25:34 IST" finished-at="2020-05-11T18:26:27 IST">
          <reporter-output>
          </reporter-output>
        </test-method> <!-- TestEgazette -->
      </class> <!-- com.egazette.TestEgazette -->
    </test> <!-- Default test -->
  </suite> <!-- Default suite -->
</testng-results>
